2024-02-13 14:14:53:1453 info: Validating create user data
2024-02-13 14:15:12:1512 info: Validating create user data
2024-02-13 14:15:28:1528 info: Validating create user data
2024-02-13 14:15:41:1541 info: Validating create user data
2024-02-13 14:15:41:1541 info: In create User controller
2024-02-13 14:15:42:1542 info: Query: responded with new user created: {
  userName: 'akash121111',
  age: 20,
  hobbies: [ 'cricket', 'bgmi' ],
  _id: new ObjectId('65cb2c3581eaed7a9d8628b4'),
  createdAt: 2024-02-13T08:45:41.940Z,
  updatedAt: 2024-02-13T08:45:41.940Z,
  __v: 0
}
2024-02-13 14:16:01:161 info: Validating create user data
2024-02-13 14:16:01:161 info: In create User controller
2024-02-13 14:16:20:1620 info: Validating create user data
2024-02-13 14:16:20:1620 info: In create User controller
2024-02-13 14:16:20:1620 info: Query: responded with new user created: {
  userName: 'akash1211',
  age: 20,
  hobbies: [ 'cricket', 'bgmi' ],
  _id: new ObjectId('65cb2c5c81eaed7a9d8628b8'),
  createdAt: 2024-02-13T08:46:20.710Z,
  updatedAt: 2024-02-13T08:46:20.710Z,
  __v: 0
}
2024-02-13 14:16:34:1634 info: Validating create user data
2024-02-13 14:16:51:1651 info: Validating create user data
2024-02-13 14:16:51:1651 info: In create User controller
2024-02-13 14:16:51:1651 info: Query: responded with new user created: {
  userName: 'akash1210',
  age: 40,
  hobbies: [ 'cricket', 'bgmi' ],
  _id: new ObjectId('65cb2c7b81eaed7a9d8628bb'),
  createdAt: 2024-02-13T08:46:51.606Z,
  updatedAt: 2024-02-13T08:46:51.606Z,
  __v: 0
}
2024-02-13 14:17:12:1712 info: Getting all Users from database
2024-02-13 14:25:13:2513 info: Error in getting user: Cast to ObjectId failed for value "{ userId: '65cb2c3581eaed7a9d8628b4' }" (type Object) at path "_id" for model "User"
2024-02-13 14:26:46:2646 info: Error in getting user: Cast to ObjectId failed for value "{ userId: '65cb2c3581eaed7a9d8628b4' }" (type Object) at path "_id" for model "User"
2024-02-13 14:27:45:2745 info: Error in getting user: Cast to ObjectId failed for value "{ userId: '65cb2c3581eaed7a9d8628b4' }" (type Object) at path "_id" for model "User"
2024-02-13 14:28:38:2838 info: Error in getting user: Cast to ObjectId failed for value "65cb2c3581eaed7a9d8628b" (type string) at path "_id" for model "User"
2024-02-13 14:33:40:3340 info: User not found with user id =65cb2c3581eaed7a9d8628b5 from database
2024-02-13 14:34:35:3435 info: User found with user id = 65cb2c3581eaed7a9d8628b4 from database
2024-02-13 14:41:18:4118 info: Getting all Users from database
2024-02-13 14:41:58:4158 info: User not found with user id = 65cb2c5c81eaed7a9d8628b8 from database
2024-02-13 14:42:13:4213 info: User not found with user id = 65cb2c5c81eaed7a9d8628b8 from database
2024-02-13 14:47:13:4713 info: Validating update user req body
2024-02-13 14:47:56:4756 info: Validating update user req body
2024-02-13 14:47:56:4756 info: Error in updating user: user is not defined
2024-02-13 14:49:05:495 info: Validating update user req body
2024-02-13 14:49:05:495 info: User not found with user id = undefined from database
2024-02-13 14:49:20:4920 info: Getting all Users from database
2024-02-13 14:49:35:4935 info: Validating update user req body
2024-02-13 14:49:35:4935 info: User not found with user id = undefined from database
2024-02-13 14:50:11:5011 info: Validating update user req body
2024-02-13 14:50:34:5034 info: User found with user id = 65cb2c3581eaed7a9d8628b4 from database
2024-02-13 14:50:45:5045 info: Validating update user req body
2024-02-13 14:51:54:5154 info: Validating update user req body
2024-02-13 14:52:32:5232 info: Validating update user req body
2024-02-13 14:53:06:536 info: Validating update user req body
2024-02-13 14:54:12:5412 info: Validating update user req body
2024-02-13 14:54:12:5412 info: Error in updating user: id is not defined
2024-02-13 14:55:52:5552 info: Validating update user req body
2024-02-13 14:57:08:578 info: Validating update user req body
2024-02-13 14:57:38:5738 info: Validating update user req body
2024-02-13 14:57:48:5748 info: Validating update user req body
2024-02-13 14:58:03:583 info: Validating update user req body
2024-02-13 14:58:03:583 info: User not found with user id = 65cb2c3581eaed7a9d8628b9 from database
2024-02-14 13:20:35:2035 info: Validating create user data
2024-02-14 13:20:35:2035 info: In create User controller
2024-02-14 13:20:36:2036 info: Query: responded with new user created: {
  userName: 'testuser6',
  age: 25,
  hobbies: [ 'reading', 'coding' ],
  _id: new ObjectId('65cc70cc9e32a72c0928e110'),
  createdAt: 2024-02-14T07:50:36.523Z,
  updatedAt: 2024-02-14T07:50:36.523Z,
  __v: 0
}
2024-02-14 13:20:36:2036 info: Validating update user req body
2024-02-14 13:20:36:2036 info: User found with user id = 65cc70cc9e32a72c0928e110 from database
2024-02-14 13:20:36:2036 info: Getting all Users from database
